#! /c/Source/iverilog-install/bin/vvp
:ivl_version "12.0 (devel)" "(s20150603-1539-g2693dd32b)";
:ivl_delay_selection "TYPICAL";
:vpi_time_precision - 12;
:vpi_module "C:\iverilog\lib\ivl\system.vpi";
:vpi_module "C:\iverilog\lib\ivl\vhdl_sys.vpi";
:vpi_module "C:\iverilog\lib\ivl\vhdl_textio.vpi";
:vpi_module "C:\iverilog\lib\ivl\v2005_math.vpi";
:vpi_module "C:\iverilog\lib\ivl\va_math.vpi";
:vpi_module "C:\iverilog\lib\ivl\v2009.vpi";
S_000002100d6ab580 .scope package, "$unit" "$unit" 2 1;
 .timescale 0 0;
S_000002100d6ab9a0 .scope module, "activation_accel_tb" "activation_accel_tb" 3 3;
 .timescale -9 -12;
v000002100d713df0_0 .var "clk", 0 0;
v000002100d7133f0_0 .var/i "errors", 31 0;
v000002100d713f30_0 .var "op_sel_i", 1 0;
v000002100d7137b0_0 .var "rst_n", 0 0;
v000002100d713a30_0 .var "valid_i", 0 0;
v000002100d713670_0 .net "valid_o", 0 0, v000002100d6b40f0_0;  1 drivers
v000002100d713170_0 .var/s "x_i", 31 0;
v000002100d713490_0 .net/s "y_o", 31 0, v000002100d6b42d0_0;  1 drivers
S_000002100d6ba420 .scope task, "drive_and_check" "drive_and_check" 3 26, 3 26 0, S_000002100d6ab9a0;
 .timescale -9 -12;
v000002100d683340_0 .var/s "expected", 31 0;
v000002100d6830e0_0 .var "op", 1 0;
v000002100d6abb30_0 .var/s "x", 31 0;
E_000002100d6a9df0 .event posedge, v000002100d6abbd0_0;
E_000002100d6a9b70 .event negedge, v000002100d6abbd0_0;
TD_activation_accel_tb.drive_and_check ;
    %wait E_000002100d6a9b70;
    %pushi/vec4 1, 0, 1;
    %store/vec4 v000002100d713a30_0, 0, 1;
    %load/vec4 v000002100d6830e0_0;
    %store/vec4 v000002100d713f30_0, 0, 2;
    %load/vec4 v000002100d6abb30_0;
    %store/vec4 v000002100d713170_0, 0, 32;
    %wait E_000002100d6a9b70;
    %pushi/vec4 0, 0, 1;
    %store/vec4 v000002100d713a30_0, 0, 1;
    %wait E_000002100d6a9df0;
    %load/vec4 v000002100d713670_0;
    %nor/r;
    %flag_set/vec4 8;
    %jmp/0xz  T_0.0, 8;
    %vpi_call/w 3 41 "$display", "[FAIL] valid_o low for op=%0d x=%0d", v000002100d6830e0_0, v000002100d6abb30_0 {0 0 0};
    %load/vec4 v000002100d7133f0_0;
    %addi 1, 0, 32;
    %store/vec4 v000002100d7133f0_0, 0, 32;
    %jmp T_0.1;
T_0.0 ;
    %load/vec4 v000002100d713490_0;
    %load/vec4 v000002100d683340_0;
    %cmp/ne;
    %jmp/0xz  T_0.2, 6;
    %vpi_call/w 3 44 "$display", "[FAIL] op=%0d x=%0d y=%0d expected=%0d", v000002100d6830e0_0, v000002100d6abb30_0, v000002100d713490_0, v000002100d683340_0 {0 0 0};
    %load/vec4 v000002100d7133f0_0;
    %addi 1, 0, 32;
    %store/vec4 v000002100d7133f0_0, 0, 32;
    %jmp T_0.3;
T_0.2 ;
    %vpi_call/w 3 47 "$display", "[PASS] op=%0d x=%0d y=%0d", v000002100d6830e0_0, v000002100d6abb30_0, v000002100d713490_0 {0 0 0};
T_0.3 ;
T_0.1 ;
    %end;
S_000002100d6ba5b0 .scope module, "dut" "activation_accel" 3 14, 4 1 0, S_000002100d6ab9a0;
 .timescale 0 0;
    .port_info 0 /INPUT 1 "clk";
    .port_info 1 /INPUT 1 "rst_n";
    .port_info 2 /INPUT 1 "valid_i";
    .port_info 3 /INPUT 2 "op_sel_i";
    .port_info 4 /INPUT 32 "x_i";
    .port_info 5 /OUTPUT 1 "valid_o";
    .port_info 6 /OUTPUT 32 "y_o";
v000002100d6abbd0_0 .net "clk", 0 0, v000002100d713df0_0;  1 drivers
v000002100d6ba740_0 .net "op_sel_i", 1 0, v000002100d713f30_0;  1 drivers
v000002100d6ba7e0_0 .net "rst_n", 0 0, v000002100d7137b0_0;  1 drivers
v000002100d6b4050_0 .net "valid_i", 0 0, v000002100d713a30_0;  1 drivers
v000002100d6b40f0_0 .var "valid_o", 0 0;
v000002100d6b4190_0 .net/s "x_i", 31 0, v000002100d713170_0;  1 drivers
v000002100d6b4230_0 .var/s "y_next", 31 0;
v000002100d6b42d0_0 .var/s "y_o", 31 0;
E_000002100d6a9e70/0 .event negedge, v000002100d6ba7e0_0;
E_000002100d6a9e70/1 .event posedge, v000002100d6abbd0_0;
E_000002100d6a9e70 .event/or E_000002100d6a9e70/0, E_000002100d6a9e70/1;
E_000002100d6a9cf0 .event anyedge, v000002100d6ba740_0, v000002100d6b4190_0;
    .scope S_000002100d6ba5b0;
T_1 ;
    %wait E_000002100d6a9cf0;
    %load/vec4 v000002100d6ba740_0;
    %dup/vec4;
    %pushi/vec4 0, 0, 2;
    %cmp/u;
    %jmp/1 T_1.0, 6;
    %dup/vec4;
    %pushi/vec4 1, 0, 2;
    %cmp/u;
    %jmp/1 T_1.1, 6;
    %dup/vec4;
    %pushi/vec4 2, 0, 2;
    %cmp/u;
    %jmp/1 T_1.2, 6;
    %load/vec4 v000002100d6b4190_0;
    %store/vec4 v000002100d6b4230_0, 0, 32;
    %jmp T_1.4;
T_1.0 ;
    %load/vec4 v000002100d6b4190_0;
    %cmpi/s 0, 0, 32;
    %flag_or 5, 4; GT is !LE
    %flag_inv 5;
    %flag_mov 8, 5;
    %jmp/0 T_1.5, 8;
    %load/vec4 v000002100d6b4190_0;
    %jmp/1 T_1.6, 8;
T_1.5 ; End of true expr.
    %pushi/vec4 0, 0, 32;
    %jmp/0 T_1.6, 8;
 ; End of false expr.
    %blend;
T_1.6;
    %store/vec4 v000002100d6b4230_0, 0, 32;
    %jmp T_1.4;
T_1.1 ;
    %load/vec4 v000002100d6b4190_0;
    %cmpi/s 0, 0, 32;
    %flag_inv 5; GE is !LT
    %flag_mov 8, 5;
    %jmp/0 T_1.7, 8;
    %load/vec4 v000002100d6b4190_0;
    %jmp/1 T_1.8, 8;
T_1.7 ; End of true expr.
    %load/vec4 v000002100d6b4190_0;
    %ix/load 4, 3, 0;
    %flag_set/imm 4, 0;
    %shiftr/s 4;
    %jmp/0 T_1.8, 8;
 ; End of false expr.
    %blend;
T_1.8;
    %store/vec4 v000002100d6b4230_0, 0, 32;
    %jmp T_1.4;
T_1.2 ;
    %load/vec4 v000002100d6b4190_0;
    %cmpi/s 4294950912, 0, 32;
    %flag_or 5, 4;
    %jmp/0xz  T_1.9, 5;
    %pushi/vec4 0, 0, 32;
    %store/vec4 v000002100d6b4230_0, 0, 32;
    %jmp T_1.10;
T_1.9 ;
    %load/vec4 v000002100d6b4190_0;
    %cmpi/s 49150, 0, 32;
    %flag_inv 5; GE is !LT
    %jmp/0xz  T_1.11, 5;
    %pushi/vec4 32767, 0, 32;
    %store/vec4 v000002100d6b4230_0, 0, 32;
    %jmp T_1.12;
T_1.11 ;
    %load/vec4 v000002100d6b4190_0;
    %addi 16384, 0, 32;
    %ix/load 4, 1, 0;
    %flag_set/imm 4, 0;
    %shiftr/s 4;
    %store/vec4 v000002100d6b4230_0, 0, 32;
T_1.12 ;
T_1.10 ;
    %jmp T_1.4;
T_1.4 ;
    %pop/vec4 1;
    %jmp T_1;
    .thread T_1, $push;
    .scope S_000002100d6ba5b0;
T_2 ;
    %wait E_000002100d6a9e70;
    %load/vec4 v000002100d6ba7e0_0;
    %nor/r;
    %flag_set/vec4 8;
    %jmp/0xz  T_2.0, 8;
    %pushi/vec4 0, 0, 1;
    %assign/vec4 v000002100d6b40f0_0, 0;
    %pushi/vec4 0, 0, 32;
    %assign/vec4 v000002100d6b42d0_0, 0;
    %jmp T_2.1;
T_2.0 ;
    %load/vec4 v000002100d6b4050_0;
    %assign/vec4 v000002100d6b40f0_0, 0;
    %load/vec4 v000002100d6b4050_0;
    %flag_set/vec4 8;
    %jmp/0xz  T_2.2, 8;
    %load/vec4 v000002100d6b4230_0;
    %assign/vec4 v000002100d6b42d0_0, 0;
T_2.2 ;
T_2.1 ;
    %jmp T_2;
    .thread T_2;
    .scope S_000002100d6ab9a0;
T_3 ;
    %delay 5000, 0;
    %load/vec4 v000002100d713df0_0;
    %inv;
    %store/vec4 v000002100d713df0_0, 0, 1;
    %jmp T_3;
    .thread T_3;
    .scope S_000002100d6ab9a0;
T_4 ;
    %pushi/vec4 0, 0, 1;
    %store/vec4 v000002100d713df0_0, 0, 1;
    %pushi/vec4 0, 0, 1;
    %store/vec4 v000002100d7137b0_0, 0, 1;
    %pushi/vec4 0, 0, 1;
    %store/vec4 v000002100d713a30_0, 0, 1;
    %pushi/vec4 0, 0, 2;
    %store/vec4 v000002100d713f30_0, 0, 2;
    %pushi/vec4 0, 0, 32;
    %store/vec4 v000002100d713170_0, 0, 32;
    %pushi/vec4 0, 0, 32;
    %store/vec4 v000002100d7133f0_0, 0, 32;
    %pushi/vec4 3, 0, 32;
T_4.0 %dup/vec4;
    %pushi/vec4 0, 0, 32;
    %cmp/s;
    %jmp/1xz T_4.1, 5;
    %jmp/1 T_4.1, 4;
    %pushi/vec4 1, 0, 32;
    %sub;
    %wait E_000002100d6a9df0;
    %jmp T_4.0;
T_4.1 ;
    %pop/vec4 1;
    %pushi/vec4 1, 0, 1;
    %store/vec4 v000002100d7137b0_0, 0, 1;
    %pushi/vec4 0, 0, 2;
    %store/vec4 v000002100d6830e0_0, 0, 2;
    %pushi/vec4 4294967289, 0, 32;
    %store/vec4 v000002100d6abb30_0, 0, 32;
    %pushi/vec4 0, 0, 32;
    %store/vec4 v000002100d683340_0, 0, 32;
    %fork TD_activation_accel_tb.drive_and_check, S_000002100d6ba420;
    %join;
    %pushi/vec4 0, 0, 2;
    %store/vec4 v000002100d6830e0_0, 0, 2;
    %pushi/vec4 9, 0, 32;
    %store/vec4 v000002100d6abb30_0, 0, 32;
    %pushi/vec4 9, 0, 32;
    %store/vec4 v000002100d683340_0, 0, 32;
    %fork TD_activation_accel_tb.drive_and_check, S_000002100d6ba420;
    %join;
    %pushi/vec4 1, 0, 2;
    %store/vec4 v000002100d6830e0_0, 0, 2;
    %pushi/vec4 4294967280, 0, 32;
    %store/vec4 v000002100d6abb30_0, 0, 32;
    %pushi/vec4 4294967294, 0, 32;
    %store/vec4 v000002100d683340_0, 0, 32;
    %fork TD_activation_accel_tb.drive_and_check, S_000002100d6ba420;
    %join;
    %pushi/vec4 1, 0, 2;
    %store/vec4 v000002100d6830e0_0, 0, 2;
    %pushi/vec4 16, 0, 32;
    %store/vec4 v000002100d6abb30_0, 0, 32;
    %pushi/vec4 16, 0, 32;
    %store/vec4 v000002100d683340_0, 0, 32;
    %fork TD_activation_accel_tb.drive_and_check, S_000002100d6ba420;
    %join;
    %pushi/vec4 2, 0, 2;
    %store/vec4 v000002100d6830e0_0, 0, 2;
    %pushi/vec4 4294947296, 0, 32;
    %store/vec4 v000002100d6abb30_0, 0, 32;
    %pushi/vec4 0, 0, 32;
    %store/vec4 v000002100d683340_0, 0, 32;
    %fork TD_activation_accel_tb.drive_and_check, S_000002100d6ba420;
    %join;
    %pushi/vec4 2, 0, 2;
    %store/vec4 v000002100d6830e0_0, 0, 2;
    %pushi/vec4 0, 0, 32;
    %store/vec4 v000002100d6abb30_0, 0, 32;
    %pushi/vec4 8192, 0, 32;
    %store/vec4 v000002100d683340_0, 0, 32;
    %fork TD_activation_accel_tb.drive_and_check, S_000002100d6ba420;
    %join;
    %load/vec4 v000002100d7133f0_0;
    %cmpi/e 0, 0, 32;
    %jmp/0xz  T_4.2, 4;
    %vpi_call/w 3 71 "$display", "ALL TESTS PASSED" {0 0 0};
    %jmp T_4.3;
T_4.2 ;
    %vpi_call/w 3 73 "$display", "TESTS FAILED, errors=%0d", v000002100d7133f0_0 {0 0 0};
T_4.3 ;
    %vpi_call/w 3 75 "$finish" {0 0 0};
    %end;
    .thread T_4;
# The file index is used to find the file name in the following table.
:file_names 5;
    "N/A";
    "<interactive>";
    "-";
    ".\tb\activation_accel_tb.v";
    ".\rtl\activation_accel.v";
