[init] horizon_s=180 decision_step_s=10 debris_count=10
[telemetry] t=0 sat_r_m=6800000 sat_theta_mdeg=300 high_risk=0 debris=10
[tx] t=0 weather_pkt=1 status=sent
[telemetry] t=20 sat_r_m=6800000 sat_theta_mdeg=1500 high_risk=0 debris=10
[tx] t=20 weather_pkt=2 status=sent
[telemetry] t=40 sat_r_m=6800000 sat_theta_mdeg=2700 high_risk=0 debris=10
[tx] t=40 weather_pkt=3 status=sent
[telemetry] t=60 sat_r_m=6800000 sat_theta_mdeg=3900 high_risk=0 debris=10
[tx] t=60 weather_pkt=4 status=sent
[telemetry] t=80 sat_r_m=6800000 sat_theta_mdeg=5100 high_risk=0 debris=10
[tx] t=80 weather_pkt=5 status=sent
[telemetry] t=100 sat_r_m=6800000 sat_theta_mdeg=6300 high_risk=0 debris=10
[tx] t=100 weather_pkt=6 status=sent
[telemetry] t=120 sat_r_m=6800000 sat_theta_mdeg=7500 high_risk=0 debris=10
[tx] t=120 weather_pkt=7 status=sent
[telemetry] t=140 sat_r_m=6800000 sat_theta_mdeg=8700 high_risk=0 debris=10
[tx] t=140 weather_pkt=8 status=sent
[risk] t=150 id=100 class=HIGH-RISK prox=50
[maneuver] t=150 target_id=100 dv_cms=3 dr_m=1
[risk] t=160 id=100 class=HIGH-RISK prox=38
[maneuver] t=160 target_id=100 dv_cms=3 dr_m=1
[telemetry] t=160 sat_r_m=6800002 sat_theta_mdeg=9930 high_risk=1 debris=10
[tx] t=160 weather_pkt=9 status=sent
[risk] t=170 id=100 class=HIGH-RISK prox=28
[maneuver] t=170 target_id=100 dv_cms=3 dr_m=1
[risk] t=180 id=100 class=HIGH-RISK prox=22
[maneuver] t=180 target_id=100 dv_cms=3 dr_m=1
[telemetry] t=180 sat_r_m=6800004 sat_theta_mdeg=11280 high_risk=1 debris=10
[tx] t=180 weather_pkt=10 status=sent

=== FINAL SUMMARY ===
total_cycles=201250
task_cycles.orbit=75850
task_cycles.risk=93100
task_cycles.maneuver=13300
task_cycles.telemetry=11000
task_cycles.tx=8000
active_cycles=201250 sleep_cycles=17898750 radio_cycles=19000
cpu_utilization_pct=1.11
energy_mj=13924.38 budget_mj=180000
budget_status=OK
