[init] horizon_s=360 decision_step_s=10 debris_count=24
[telemetry] t=0 sat_r_m=6800000 sat_theta_mdeg=325 high_risk=0 debris=24
[tx] t=0 weather_pkt=1 status=sent
[telemetry] t=20 sat_r_m=6800000 sat_theta_mdeg=1625 high_risk=0 debris=24
[tx] t=20 weather_pkt=2 status=sent
[telemetry] t=40 sat_r_m=6800000 sat_theta_mdeg=2925 high_risk=0 debris=24
[tx] t=40 weather_pkt=3 status=sent
[telemetry] t=60 sat_r_m=6800000 sat_theta_mdeg=4225 high_risk=0 debris=24
[tx] t=60 weather_pkt=4 status=sent
[telemetry] t=80 sat_r_m=6800000 sat_theta_mdeg=5525 high_risk=0 debris=24
[tx] t=80 weather_pkt=5 status=sent
[telemetry] t=100 sat_r_m=6800000 sat_theta_mdeg=6825 high_risk=0 debris=24
[tx] t=100 weather_pkt=6 status=sent
[telemetry] t=120 sat_r_m=6800000 sat_theta_mdeg=8125 high_risk=0 debris=24
[tx] t=120 weather_pkt=7 status=sent
[risk] t=140 id=100 class=HIGH-RISK prox=59
[maneuver] t=140 target_id=100 dv_cms=3 dr_m=1
[telemetry] t=140 sat_r_m=6800001 sat_theta_mdeg=9425 high_risk=1 debris=24
[tx] t=140 weather_pkt=8 status=sent
[risk] t=150 id=100 class=HIGH-RISK prox=47
[maneuver] t=150 target_id=100 dv_cms=3 dr_m=1
[risk] t=160 id=100 class=HIGH-RISK prox=39
[maneuver] t=160 target_id=100 dv_cms=3 dr_m=1
[telemetry] t=160 sat_r_m=6800003 sat_theta_mdeg=10815 high_risk=1 debris=24
[tx] t=160 weather_pkt=9 status=sent
[risk] t=170 id=100 class=HIGH-RISK prox=34
[maneuver] t=170 target_id=100 dv_cms=3 dr_m=1
[risk] t=180 id=100 class=HIGH-RISK prox=28
[maneuver] t=180 target_id=100 dv_cms=3 dr_m=1
[telemetry] t=180 sat_r_m=6800005 sat_theta_mdeg=12325 high_risk=1 debris=24
[tx] t=180 weather_pkt=10 status=sent
[risk] t=190 id=100 class=HIGH-RISK prox=23
[maneuver] t=190 target_id=100 dv_cms=3 dr_m=1
[risk] t=200 id=100 class=HIGH-RISK prox=18
[maneuver] t=200 target_id=100 dv_cms=3 dr_m=1
[telemetry] t=200 sat_r_m=6800007 sat_theta_mdeg=13955 high_risk=1 debris=24
[tx] t=200 weather_pkt=11 status=sent
[risk] t=210 id=100 class=HIGH-RISK prox=29
[maneuver] t=210 target_id=100 dv_cms=3 dr_m=1
[risk] t=220 id=100 class=HIGH-RISK prox=43
[maneuver] t=220 target_id=100 dv_cms=3 dr_m=1
[telemetry] t=220 sat_r_m=6800009 sat_theta_mdeg=15705 high_risk=1 debris=24
[tx] t=220 weather_pkt=12 status=sent
[risk] t=230 id=100 class=HIGH-RISK prox=56
[maneuver] t=230 target_id=100 dv_cms=3 dr_m=1
[telemetry] t=240 sat_r_m=6800010 sat_theta_mdeg=17575 high_risk=0 debris=24
[tx] t=240 weather_pkt=13 status=sent
[telemetry] t=260 sat_r_m=6800010 sat_theta_mdeg=19475 high_risk=0 debris=24
[tx] t=260 weather_pkt=14 status=sent
[telemetry] t=280 sat_r_m=6800010 sat_theta_mdeg=21375 high_risk=0 debris=24
[tx] t=280 weather_pkt=15 status=sent
[telemetry] t=300 sat_r_m=6800010 sat_theta_mdeg=23275 high_risk=0 debris=24
[tx] t=300 weather_pkt=16 status=sent
[telemetry] t=320 sat_r_m=6800010 sat_theta_mdeg=25175 high_risk=0 debris=24
[tx] t=320 weather_pkt=17 status=sent
[telemetry] t=340 sat_r_m=6800010 sat_theta_mdeg=27075 high_risk=0 debris=24
[tx] t=340 weather_pkt=18 status=sent
[telemetry] t=360 sat_r_m=6800010 sat_theta_mdeg=28975 high_risk=0 debris=24
[tx] t=360 weather_pkt=19 status=sent

=== FINAL SUMMARY ===
total_cycles=458960
task_cycles.orbit=175200
task_cycles.risk=217560
task_cycles.maneuver=30100
task_cycles.telemetry=20900
task_cycles.tx=15200
active_cycles=458960 sleep_cycles=35641040 radio_cycles=36100
cpu_utilization_pct=1.27
energy_mj=28804.72 budget_mj=180000
budget_status=OK
