[init] horizon_s=240 decision_step_s=10 debris_count=6
[telemetry] t=0 sat_r_m=6800000 sat_theta_mdeg=275 high_risk=0 debris=6
[tx] t=0 weather_pkt=1 status=sent
[telemetry] t=20 sat_r_m=6800000 sat_theta_mdeg=1375 high_risk=0 debris=6
[tx] t=20 weather_pkt=2 status=sent
[telemetry] t=40 sat_r_m=6800000 sat_theta_mdeg=2475 high_risk=0 debris=6
[tx] t=40 weather_pkt=3 status=sent
[telemetry] t=60 sat_r_m=6800000 sat_theta_mdeg=3575 high_risk=0 debris=6
[tx] t=60 weather_pkt=4 status=sent
[telemetry] t=80 sat_r_m=6800000 sat_theta_mdeg=4675 high_risk=0 debris=6
[tx] t=80 weather_pkt=5 status=sent
[telemetry] t=100 sat_r_m=6800000 sat_theta_mdeg=5775 high_risk=0 debris=6
[tx] t=100 weather_pkt=6 status=sent
[telemetry] t=120 sat_r_m=6800000 sat_theta_mdeg=6875 high_risk=0 debris=6
[tx] t=120 weather_pkt=7 status=sent
[telemetry] t=140 sat_r_m=6800000 sat_theta_mdeg=7975 high_risk=0 debris=6
[tx] t=140 weather_pkt=8 status=sent
[risk] t=150 id=100 class=HIGH-RISK prox=53
[maneuver] t=150 target_id=100 dv_cms=3 dr_m=1
[risk] t=160 id=100 class=HIGH-RISK prox=42
[maneuver] t=160 target_id=100 dv_cms=3 dr_m=1
[telemetry] t=160 sat_r_m=6800002 sat_theta_mdeg=9105 high_risk=1 debris=6
[tx] t=160 weather_pkt=9 status=sent
[risk] t=170 id=100 class=HIGH-RISK prox=30
[maneuver] t=170 target_id=100 dv_cms=3 dr_m=1
[risk] t=180 id=100 class=HIGH-RISK prox=18
[maneuver] t=180 target_id=100 dv_cms=3 dr_m=1
[telemetry] t=180 sat_r_m=6800004 sat_theta_mdeg=10355 high_risk=1 debris=6
[tx] t=180 weather_pkt=10 status=sent
[risk] t=190 id=100 class=HIGH-RISK prox=12
[maneuver] t=190 target_id=100 dv_cms=3 dr_m=1
[risk] t=200 id=100 class=HIGH-RISK prox=6
[maneuver] t=200 target_id=100 dv_cms=3 dr_m=1
[telemetry] t=200 sat_r_m=6800006 sat_theta_mdeg=11725 high_risk=1 debris=6
[tx] t=200 weather_pkt=11 status=sent
[risk] t=210 id=100 class=HIGH-RISK prox=19
[maneuver] t=210 target_id=100 dv_cms=3 dr_m=1
[risk] t=220 id=100 class=HIGH-RISK prox=31
[maneuver] t=220 target_id=100 dv_cms=3 dr_m=1
[telemetry] t=220 sat_r_m=6800008 sat_theta_mdeg=13215 high_risk=1 debris=6
[tx] t=220 weather_pkt=12 status=sent
[risk] t=230 id=100 class=HIGH-RISK prox=44
[maneuver] t=230 target_id=100 dv_cms=3 dr_m=1
[risk] t=240 id=100 class=HIGH-RISK prox=57
[maneuver] t=240 target_id=100 dv_cms=3 dr_m=1
[telemetry] t=240 sat_r_m=6800010 sat_theta_mdeg=14825 high_risk=1 debris=6
[tx] t=240 weather_pkt=13 status=sent

=== FINAL SUMMARY ===
total_cycles=262250
task_cycles.orbit=95550
task_cycles.risk=115500
task_cycles.maneuver=26500
task_cycles.telemetry=14300
task_cycles.tx=10400
active_cycles=262250 sleep_cycles=23837750 radio_cycles=24700
cpu_utilization_pct=1.09
energy_mj=18398.88 budget_mj=220000
budget_status=OK
