[init] horizon_s=300 decision_step_s=10 debris_count=14
[telemetry] t=0 sat_r_m=6800000 sat_theta_mdeg=300 high_risk=0 debris=14
[tx] t=0 weather_pkt=1 status=sent
[telemetry] t=20 sat_r_m=6800000 sat_theta_mdeg=1500 high_risk=0 debris=14
[tx] t=20 weather_pkt=2 status=sent
[telemetry] t=40 sat_r_m=6800000 sat_theta_mdeg=2700 high_risk=0 debris=14
[tx] t=40 weather_pkt=3 status=sent
[telemetry] t=60 sat_r_m=6800000 sat_theta_mdeg=3900 high_risk=0 debris=14
[tx] t=60 weather_pkt=4 status=sent
[telemetry] t=80 sat_r_m=6800000 sat_theta_mdeg=5100 high_risk=0 debris=14
[tx] t=80 weather_pkt=5 status=sent
[telemetry] t=100 sat_r_m=6800000 sat_theta_mdeg=6300 high_risk=0 debris=14
[tx] t=100 weather_pkt=6 status=sent
[telemetry] t=120 sat_r_m=6800000 sat_theta_mdeg=7500 high_risk=0 debris=14
[tx] t=120 weather_pkt=7 status=sent
[telemetry] t=140 sat_r_m=6800000 sat_theta_mdeg=8700 high_risk=0 debris=14
[tx] t=140 weather_pkt=8 status=sent
[risk] t=150 id=100 class=HIGH-RISK prox=50
[maneuver] t=150 target_id=100 dv_cms=3 dr_m=1
[risk] t=160 id=100 class=HIGH-RISK prox=38
[maneuver] t=160 target_id=100 dv_cms=3 dr_m=1
[telemetry] t=160 sat_r_m=6800002 sat_theta_mdeg=9930 high_risk=1 debris=14
[tx] t=160 weather_pkt=9 status=sent
[risk] t=170 id=100 class=HIGH-RISK prox=28
[maneuver] t=170 target_id=100 dv_cms=3 dr_m=1
[risk] t=180 id=100 class=HIGH-RISK prox=22
[maneuver] t=180 target_id=100 dv_cms=3 dr_m=1
[telemetry] t=180 sat_r_m=6800004 sat_theta_mdeg=11280 high_risk=1 debris=14
[tx] t=180 weather_pkt=10 status=sent
[risk] t=190 id=100 class=HIGH-RISK prox=17
[maneuver] t=190 target_id=100 dv_cms=3 dr_m=1
[risk] t=200 id=100 class=HIGH-RISK prox=11
[maneuver] t=200 target_id=100 dv_cms=3 dr_m=1
[telemetry] t=200 sat_r_m=6800006 sat_theta_mdeg=12750 high_risk=1 debris=14
[tx] t=200 weather_pkt=11 status=sent
[risk] t=210 id=100 class=HIGH-RISK prox=24
[maneuver] t=210 target_id=100 dv_cms=3 dr_m=1
[risk] t=220 id=100 class=HIGH-RISK prox=37
[maneuver] t=220 target_id=100 dv_cms=3 dr_m=1
[telemetry] t=220 sat_r_m=6800008 sat_theta_mdeg=14340 high_risk=1 debris=14
[tx] t=220 weather_pkt=12 status=sent
[risk] t=230 id=100 class=HIGH-RISK prox=50
[maneuver] t=230 target_id=100 dv_cms=3 dr_m=1
[telemetry] t=240 sat_r_m=6800009 sat_theta_mdeg=16050 high_risk=0 debris=14
[tx] t=240 weather_pkt=13 status=sent
[telemetry] t=260 sat_r_m=6800009 sat_theta_mdeg=17790 high_risk=0 debris=14
[tx] t=260 weather_pkt=14 status=sent
[telemetry] t=280 sat_r_m=6800009 sat_theta_mdeg=19530 high_risk=0 debris=14
[tx] t=280 weather_pkt=15 status=sent
[telemetry] t=300 sat_r_m=6800009 sat_theta_mdeg=21270 high_risk=0 debris=14
[tx] t=300 weather_pkt=16 status=sent

=== FINAL SUMMARY ===
total_cycles=348530
task_cycles.orbit=131150
task_cycles.risk=160580
task_cycles.maneuver=26400
task_cycles.telemetry=17600
task_cycles.tx=12800
active_cycles=348530 sleep_cycles=29751470 radio_cycles=30400
cpu_utilization_pct=1.16
energy_mj=23366.33 budget_mj=200000
budget_status=OK
